2022-10-03 13:42:22 [main] INFO  c.o.service.CustomerServiceTest -
				Starting CustomerServiceTest using Java 17.0.4.1 on LAPTOP-JE71G04I with PID 5392 (started by Sakshi in D:\Bootcamp\New folder\OnlineDryCleaning)
2022-10-03 13:42:22 [main] DEBUG c.o.service.CustomerServiceTest -
				Running with Spring Boot v2.7.4, Spring v5.3.23
2022-10-03 13:42:22 [main] INFO  c.o.service.CustomerServiceTest -
				No active profile set, falling back to 1 default profile: "default"
2022-10-03 13:42:33 [main] INFO  c.o.service.CustomerServiceTest -
				Started CustomerServiceTest in 10.738 seconds (JVM running for 12.807)
2022-10-03 13:44:11 [restartedMain] INFO  c.o.OnlineDryCleaningApplication -
				Starting OnlineDryCleaningApplication using Java 17.0.4.1 on LAPTOP-JE71G04I with PID 8924 (D:\Bootcamp\New folder\OnlineDryCleaning\target\classes started by Sakshi in D:\Bootcamp\New folder\OnlineDryCleaning)
2022-10-03 13:44:11 [restartedMain] DEBUG c.o.OnlineDryCleaningApplication -
				Running with Spring Boot v2.7.4, Spring v5.3.23
2022-10-03 13:44:11 [restartedMain] INFO  c.o.OnlineDryCleaningApplication -
				No active profile set, falling back to 1 default profile: "default"
2022-10-03 13:44:18 [restartedMain] INFO  c.o.OnlineDryCleaningApplication -
				Started OnlineDryCleaningApplication in 7.79 seconds (JVM running for 8.491)
2022-10-03 13:45:00 [http-nio-9091-exec-3] DEBUG c.o.OnlineDryCleaningApplication -
				Request dhanush
2022-10-03 13:45:00 [http-nio-9091-exec-3] DEBUG c.o.OnlineDryCleaningApplication -
				Response Hello dhanush Welcome to Dry cleaning Application
2022-10-03 13:45:13 [http-nio-9091-exec-4] DEBUG c.o.OnlineDryCleaningApplication -
				Request test
2022-10-03 14:08:52 [restartedMain] INFO  c.o.OnlineDryCleaningApplication -
				Starting OnlineDryCleaningApplication using Java 17.0.4.1 on LAPTOP-JE71G04I with PID 13304 (D:\Bootcamp\New folder\OnlineDryCleaning\target\classes started by Sakshi in D:\Bootcamp\New folder\OnlineDryCleaning)
2022-10-03 14:08:52 [restartedMain] DEBUG c.o.OnlineDryCleaningApplication -
				Running with Spring Boot v2.7.4, Spring v5.3.23
2022-10-03 14:08:52 [restartedMain] INFO  c.o.OnlineDryCleaningApplication -
				No active profile set, falling back to 1 default profile: "default"
2022-10-03 14:09:00 [restartedMain] INFO  c.o.OnlineDryCleaningApplication -
				Started OnlineDryCleaningApplication in 7.902 seconds (JVM running for 8.862)
2022-10-03 14:26:14 [restartedMain] INFO  c.o.OnlineDryCleaningApplication -
				Starting OnlineDryCleaningApplication using Java 17.0.4.1 on LAPTOP-JE71G04I with PID 13304 (D:\Bootcamp\New folder\OnlineDryCleaning\target\classes started by Sakshi in D:\Bootcamp\New folder\OnlineDryCleaning)
2022-10-03 14:26:14 [restartedMain] DEBUG c.o.OnlineDryCleaningApplication -
				Running with Spring Boot v2.7.4, Spring v5.3.23
2022-10-03 14:26:14 [restartedMain] INFO  c.o.OnlineDryCleaningApplication -
				No active profile set, falling back to 1 default profile: "default"
2022-10-03 14:26:16 [restartedMain] INFO  c.o.OnlineDryCleaningApplication -
				Started OnlineDryCleaningApplication in 2.076 seconds (JVM running for 1045.061)
2022-10-03 14:27:27 [restartedMain] INFO  c.o.OnlineDryCleaningApplication -
				Starting OnlineDryCleaningApplication using Java 17.0.4.1 on LAPTOP-JE71G04I with PID 8060 (D:\Bootcamp\New folder\OnlineDryCleaning\target\classes started by Sakshi in D:\Bootcamp\New folder\OnlineDryCleaning)
2022-10-03 14:27:27 [restartedMain] DEBUG c.o.OnlineDryCleaningApplication -
				Running with Spring Boot v2.7.4, Spring v5.3.23
2022-10-03 14:27:27 [restartedMain] INFO  c.o.OnlineDryCleaningApplication -
				No active profile set, falling back to 1 default profile: "default"
2022-10-03 14:27:34 [restartedMain] INFO  c.o.OnlineDryCleaningApplication -
				Started OnlineDryCleaningApplication in 7.699 seconds (JVM running for 8.542)
2022-10-03 14:27:54 [restartedMain] INFO  c.o.OnlineDryCleaningApplication -
				Starting OnlineDryCleaningApplication using Java 17.0.4.1 on LAPTOP-JE71G04I with PID 12140 (D:\Bootcamp\New folder\OnlineDryCleaning\target\classes started by Sakshi in D:\Bootcamp\New folder\OnlineDryCleaning)
2022-10-03 14:27:54 [restartedMain] DEBUG c.o.OnlineDryCleaningApplication -
				Running with Spring Boot v2.7.4, Spring v5.3.23
2022-10-03 14:27:54 [restartedMain] INFO  c.o.OnlineDryCleaningApplication -
				No active profile set, falling back to 1 default profile: "default"
2022-10-03 14:27:58 [restartedMain] INFO  c.o.OnlineDryCleaningApplication -
				Started OnlineDryCleaningApplication in 4.53 seconds (JVM running for 5.281)
2022-10-03 14:34:27 [restartedMain] INFO  c.o.OnlineDryCleaningApplication -
				Starting OnlineDryCleaningApplication using Java 17.0.4.1 on LAPTOP-JE71G04I with PID 12140 (D:\Bootcamp\New folder\OnlineDryCleaning\target\classes started by Sakshi in D:\Bootcamp\New folder\OnlineDryCleaning)
2022-10-03 14:34:27 [restartedMain] DEBUG c.o.OnlineDryCleaningApplication -
				Running with Spring Boot v2.7.4, Spring v5.3.23
2022-10-03 14:34:27 [restartedMain] INFO  c.o.OnlineDryCleaningApplication -
				No active profile set, falling back to 1 default profile: "default"
2022-10-03 14:34:28 [restartedMain] INFO  c.o.OnlineDryCleaningApplication -
				Started OnlineDryCleaningApplication in 1.343 seconds (JVM running for 395.09)
2022-10-03 14:46:56 [restartedMain] INFO  c.o.OnlineDryCleaningApplication -
				Starting OnlineDryCleaningApplication using Java 17.0.4.1 on LAPTOP-JE71G04I with PID 12140 (D:\Bootcamp\New folder\OnlineDryCleaning\target\classes started by Sakshi in D:\Bootcamp\New folder\OnlineDryCleaning)
2022-10-03 14:46:56 [restartedMain] DEBUG c.o.OnlineDryCleaningApplication -
				Running with Spring Boot v2.7.4, Spring v5.3.23
2022-10-03 14:46:56 [restartedMain] INFO  c.o.OnlineDryCleaningApplication -
				No active profile set, falling back to 1 default profile: "default"
2022-10-03 14:46:58 [restartedMain] INFO  c.o.OnlineDryCleaningApplication -
				Started OnlineDryCleaningApplication in 1.679 seconds (JVM running for 1144.877)
2022-10-03 14:47:13 [restartedMain] INFO  c.o.OnlineDryCleaningApplication -
				Starting OnlineDryCleaningApplication using Java 17.0.4.1 on LAPTOP-JE71G04I with PID 12140 (D:\Bootcamp\New folder\OnlineDryCleaning\target\classes started by Sakshi in D:\Bootcamp\New folder\OnlineDryCleaning)
2022-10-03 14:47:13 [restartedMain] DEBUG c.o.OnlineDryCleaningApplication -
				Running with Spring Boot v2.7.4, Spring v5.3.23
2022-10-03 14:47:13 [restartedMain] INFO  c.o.OnlineDryCleaningApplication -
				No active profile set, falling back to 1 default profile: "default"
2022-10-03 14:47:14 [restartedMain] INFO  c.o.OnlineDryCleaningApplication -
				Started OnlineDryCleaningApplication in 0.938 seconds (JVM running for 1161.653)
2022-10-03 14:49:13 [restartedMain] INFO  c.o.OnlineDryCleaningApplication -
				Starting OnlineDryCleaningApplication using Java 17.0.4.1 on LAPTOP-JE71G04I with PID 12140 (D:\Bootcamp\New folder\OnlineDryCleaning\target\classes started by Sakshi in D:\Bootcamp\New folder\OnlineDryCleaning)
2022-10-03 14:49:13 [restartedMain] DEBUG c.o.OnlineDryCleaningApplication -
				Running with Spring Boot v2.7.4, Spring v5.3.23
2022-10-03 14:49:13 [restartedMain] INFO  c.o.OnlineDryCleaningApplication -
				No active profile set, falling back to 1 default profile: "default"
2022-10-03 14:49:14 [restartedMain] INFO  c.o.OnlineDryCleaningApplication -
				Started OnlineDryCleaningApplication in 0.925 seconds (JVM running for 1281.097)
2022-10-03 14:55:45 [restartedMain] INFO  c.o.OnlineDryCleaningApplication -
				Starting OnlineDryCleaningApplication using Java 17.0.4.1 on LAPTOP-JE71G04I with PID 12140 (D:\Bootcamp\New folder\OnlineDryCleaning\target\classes started by Sakshi in D:\Bootcamp\New folder\OnlineDryCleaning)
2022-10-03 14:55:45 [restartedMain] DEBUG c.o.OnlineDryCleaningApplication -
				Running with Spring Boot v2.7.4, Spring v5.3.23
2022-10-03 14:55:45 [restartedMain] INFO  c.o.OnlineDryCleaningApplication -
				No active profile set, falling back to 1 default profile: "default"
2022-10-03 14:55:46 [restartedMain] INFO  c.o.OnlineDryCleaningApplication -
				Started OnlineDryCleaningApplication in 0.938 seconds (JVM running for 1673.635)
2022-10-03 14:58:21 [restartedMain] INFO  c.o.OnlineDryCleaningApplication -
				Starting OnlineDryCleaningApplication using Java 17.0.4.1 on LAPTOP-JE71G04I with PID 12140 (D:\Bootcamp\New folder\OnlineDryCleaning\target\classes started by Sakshi in D:\Bootcamp\New folder\OnlineDryCleaning)
2022-10-03 14:58:21 [restartedMain] DEBUG c.o.OnlineDryCleaningApplication -
				Running with Spring Boot v2.7.4, Spring v5.3.23
2022-10-03 14:58:21 [restartedMain] INFO  c.o.OnlineDryCleaningApplication -
				No active profile set, falling back to 1 default profile: "default"
2022-10-03 14:58:22 [restartedMain] INFO  c.o.OnlineDryCleaningApplication -
				Started OnlineDryCleaningApplication in 1.056 seconds (JVM running for 1829.726)
2022-10-03 14:58:37 [restartedMain] INFO  c.o.OnlineDryCleaningApplication -
				Starting OnlineDryCleaningApplication using Java 17.0.4.1 on LAPTOP-JE71G04I with PID 12140 (D:\Bootcamp\New folder\OnlineDryCleaning\target\classes started by Sakshi in D:\Bootcamp\New folder\OnlineDryCleaning)
2022-10-03 14:58:37 [restartedMain] DEBUG c.o.OnlineDryCleaningApplication -
				Running with Spring Boot v2.7.4, Spring v5.3.23
2022-10-03 14:58:37 [restartedMain] INFO  c.o.OnlineDryCleaningApplication -
				No active profile set, falling back to 1 default profile: "default"
2022-10-03 14:58:39 [restartedMain] INFO  c.o.OnlineDryCleaningApplication -
				Started OnlineDryCleaningApplication in 1.823 seconds (JVM running for 1846.294)
2022-10-03 14:58:48 [restartedMain] INFO  c.o.OnlineDryCleaningApplication -
				Starting OnlineDryCleaningApplication using Java 17.0.4.1 on LAPTOP-JE71G04I with PID 12140 (D:\Bootcamp\New folder\OnlineDryCleaning\target\classes started by Sakshi in D:\Bootcamp\New folder\OnlineDryCleaning)
2022-10-03 14:58:48 [restartedMain] DEBUG c.o.OnlineDryCleaningApplication -
				Running with Spring Boot v2.7.4, Spring v5.3.23
2022-10-03 14:58:48 [restartedMain] INFO  c.o.OnlineDryCleaningApplication -
				No active profile set, falling back to 1 default profile: "default"
2022-10-03 14:58:49 [restartedMain] INFO  c.o.OnlineDryCleaningApplication -
				Started OnlineDryCleaningApplication in 1.616 seconds (JVM running for 1856.523)
2022-10-03 15:01:24 [restartedMain] INFO  c.o.OnlineDryCleaningApplication -
				Starting OnlineDryCleaningApplication using Java 17.0.4.1 on LAPTOP-JE71G04I with PID 12140 (D:\Bootcamp\New folder\OnlineDryCleaning\target\classes started by Sakshi in D:\Bootcamp\New folder\OnlineDryCleaning)
2022-10-03 15:01:24 [restartedMain] DEBUG c.o.OnlineDryCleaningApplication -
				Running with Spring Boot v2.7.4, Spring v5.3.23
2022-10-03 15:01:24 [restartedMain] INFO  c.o.OnlineDryCleaningApplication -
				No active profile set, falling back to 1 default profile: "default"
2022-10-03 15:01:55 [restartedMain] INFO  c.o.OnlineDryCleaningApplication -
				Starting OnlineDryCleaningApplication using Java 17.0.4.1 on LAPTOP-JE71G04I with PID 12272 (D:\Bootcamp\New folder\OnlineDryCleaning\target\classes started by Sakshi in D:\Bootcamp\New folder\OnlineDryCleaning)
2022-10-03 15:01:55 [restartedMain] DEBUG c.o.OnlineDryCleaningApplication -
				Running with Spring Boot v2.7.4, Spring v5.3.23
2022-10-03 15:01:55 [restartedMain] INFO  c.o.OnlineDryCleaningApplication -
				No active profile set, falling back to 1 default profile: "default"
2022-10-03 15:03:01 [restartedMain] INFO  c.o.OnlineDryCleaningApplication -
				Starting OnlineDryCleaningApplication using Java 17.0.4.1 on LAPTOP-JE71G04I with PID 23188 (D:\Bootcamp\New folder\OnlineDryCleaning\target\classes started by Sakshi in D:\Bootcamp\New folder\OnlineDryCleaning)
2022-10-03 15:03:01 [restartedMain] DEBUG c.o.OnlineDryCleaningApplication -
				Running with Spring Boot v2.7.4, Spring v5.3.23
2022-10-03 15:03:01 [restartedMain] INFO  c.o.OnlineDryCleaningApplication -
				No active profile set, falling back to 1 default profile: "default"
2022-10-03 15:03:05 [restartedMain] INFO  c.o.OnlineDryCleaningApplication -
				Started OnlineDryCleaningApplication in 4.205 seconds (JVM running for 4.924)
2022-10-03 15:08:42 [restartedMain] INFO  c.o.OnlineDryCleaningApplication -
				Starting OnlineDryCleaningApplication using Java 17.0.4.1 on LAPTOP-JE71G04I with PID 19288 (D:\Bootcamp\New folder\OnlineDryCleaning\target\classes started by Sakshi in D:\Bootcamp\New folder\OnlineDryCleaning)
2022-10-03 15:08:42 [restartedMain] DEBUG c.o.OnlineDryCleaningApplication -
				Running with Spring Boot v2.7.4, Spring v5.3.23
2022-10-03 15:08:42 [restartedMain] INFO  c.o.OnlineDryCleaningApplication -
				No active profile set, falling back to 1 default profile: "default"
2022-10-03 15:08:45 [restartedMain] INFO  c.o.OnlineDryCleaningApplication -
				Started OnlineDryCleaningApplication in 4.021 seconds (JVM running for 4.729)
